{"numTotalTestSuites":4,"numPassedTestSuites":0,"numFailedTestSuites":4,"numPendingTestSuites":0,"numTotalTests":0,"numPassedTests":0,"numFailedTests":0,"numPendingTests":0,"numTodoTests":0,"snapshot":{"added":0,"failure":false,"filesAdded":0,"filesRemoved":0,"filesRemovedList":[],"filesUnmatched":0,"filesUpdated":0,"matched":0,"total":0,"unchecked":0,"uncheckedKeysByFile":[],"unmatched":0,"updated":0,"didUpdate":false},"startTime":1752510284891,"success":false,"testResults":[{"assertionResults":[],"startTime":1752510284891,"endTime":1752510284891,"status":"failed","message":"Cannot find module 'C:/Users/smitj/repos/FlairForge/src/test/setup.ts'","name":"C:/Users/smitj/repos/FlairForge/tests/unit/security.test.ts"},{"assertionResults":[],"startTime":1752510284891,"endTime":1752510284891,"status":"failed","message":"Cannot find module 'C:/Users/smitj/repos/FlairForge/src/test/setup.ts'","name":"C:/Users/smitj/repos/FlairForge/tests/unit/components/Header.test.tsx"},{"assertionResults":[],"startTime":1752510284891,"endTime":1752510284891,"status":"failed","message":"Cannot find module 'C:/Users/smitj/repos/FlairForge/src/test/setup.ts'","name":"C:/Users/smitj/repos/FlairForge/tests/unit/components/TemplateSelector.test.tsx"},{"assertionResults":[],"startTime":1752510284891,"endTime":1752510284891,"status":"failed","message":"Cannot find module 'C:/Users/smitj/repos/FlairForge/src/test/setup.ts'","name":"C:/Users/smitj/repos/FlairForge/tests/unit/utils/ai-enhancer.test.ts"}]}